1624264403086:help
1624264409044:ask-name
1624264434469:ask-question
1624264444650:ask-questions
1624264648411:help
1624264686943:ask-name
1624264706739:start-questionnaire
1624443299813:help
1624443307495:start questionaire
1624443317792:start=questionnaire
1624443330695:start-questionnaire
1624443359866:help
1624443363477:ask-name
1624443791701:help
1624443797297:ask-name
1624443823988:start-question
1624443833412:start-questionnaire
1624443873267:ask-name
1624443956013:start-questionnaire
1624444103332:ask-name
1624444419862:start-questionnaire
1624445792264:s
1624445845651:help
1624445949123:s
1624445999106:help
1624446002553:s
1624448687366:ы
1624448689812:s
1624448699416:login
1624448718896:start-questionnaire
1624448727654:start
